0 verbose cli /home/joshua/.nvm/versions/node/v24.11.0/bin/node /home/joshua/.nvm/versions/node/v24.11.0/bin/npm
1 info using npm@11.6.1
2 info using node@v24.11.0
3 silly config load:file:/home/joshua/.nvm/versions/node/v24.11.0/lib/node_modules/npm/npmrc
4 silly config load:file:/mnt/c/Jensify/expense-app/.npmrc
5 silly config load:file:/home/joshua/.npmrc
6 silly config load:file:/home/joshua/.nvm/versions/node/v24.11.0/etc/npmrc
7 verbose title npm ci
8 verbose argv "ci" "--loglevel" "verbose"
9 verbose logfile logs-max:10 dir:/mnt/c/Jensify/expense-app/.npm-cache/_logs/2025-11-14T00_53_36_501Z-
10 verbose logfile /mnt/c/Jensify/expense-app/.npm-cache/_logs/2025-11-14T00_53_36_501Z-debug-0.log
11 silly logfile done cleaning log files
12 silly packumentCache heap:2348810240 maxSize:587202560 maxEntrySize:293601280
13 silly idealTree buildDeps
14 silly fetch manifest @angular/animations@^20.3.0
15 silly packumentCache full:https://registry.npmjs.org/@angular%2fanimations cache-miss
16 http cache https://registry.npmjs.org/@angular%2fanimations 50ms (cache hit)
17 silly packumentCache full:https://registry.npmjs.org/@angular%2fanimations set size:2629400 disposed:false
18 silly fetch manifest @angular/core@^20.3.0
19 silly packumentCache full:https://registry.npmjs.org/@angular%2fcore cache-miss
20 http cache https://registry.npmjs.org/@angular%2fcore 42ms (cache hit)
21 silly packumentCache full:https://registry.npmjs.org/@angular%2fcore set size:2758343 disposed:false
22 silly fetch manifest @angular/compiler@^20.3.0
23 silly packumentCache full:https://registry.npmjs.org/@angular%2fcompiler cache-miss
24 http cache https://registry.npmjs.org/@angular%2fcompiler 41ms (cache hit)
25 silly packumentCache full:https://registry.npmjs.org/@angular%2fcompiler set size:2542456 disposed:false
26 silly fetch manifest rxjs@~7.8.0
27 silly packumentCache full:https://registry.npmjs.org/rxjs cache-miss
28 http cache https://registry.npmjs.org/rxjs 31ms (cache hit)
29 silly packumentCache full:https://registry.npmjs.org/rxjs set size:980097 disposed:false
30 silly fetch manifest zone.js@~0.15.0
31 silly packumentCache full:https://registry.npmjs.org/zone.js cache-miss
32 http cache https://registry.npmjs.org/zone.js 27ms (cache hit)
33 silly packumentCache full:https://registry.npmjs.org/zone.js set size:365274 disposed:false
34 silly placeDep ROOT @angular/animations@20.3.11 OK for: expense-app@0.0.0 want: ^20.3.0
35 verbose stack Error: 
35 verbose stack `npm ci` can only install packages when your package.json and package-lock.json or npm-shrinkwrap.json are in sync. Please update your lock file with `npm install` before continuing.
35 verbose stack
35 verbose stack Missing: @angular/animations@20.3.11 from lock file
35 verbose stack
35 verbose stack Clean install a project
35 verbose stack
35 verbose stack Usage:
35 verbose stack npm ci
35 verbose stack
35 verbose stack Options:
35 verbose stack [--install-strategy <hoisted|nested|shallow|linked>] [--legacy-bundling]
35 verbose stack [--global-style] [--omit <dev|optional|peer> [--omit <dev|optional|peer> ...]]
35 verbose stack [--include <prod|dev|optional|peer> [--include <prod|dev|optional|peer> ...]]
35 verbose stack [--strict-peer-deps] [--foreground-scripts] [--ignore-scripts] [--no-audit]
35 verbose stack [--no-bin-links] [--no-fund] [--dry-run]
35 verbose stack [-w|--workspace <workspace-name> [-w|--workspace <workspace-name> ...]]
35 verbose stack [--workspaces] [--include-workspace-root] [--install-links]
35 verbose stack
35 verbose stack aliases: clean-install, ic, install-clean, isntall-clean
35 verbose stack
35 verbose stack Run "npm help ci" for more info
35 verbose stack     at CI.usageError (/home/joshua/.nvm/versions/node/v24.11.0/lib/node_modules/npm/lib/base-cmd.js:111:26)
35 verbose stack     at CI.exec (/home/joshua/.nvm/versions/node/v24.11.0/lib/node_modules/npm/lib/commands/ci.js:70:18)
35 verbose stack     at async Npm.exec (/home/joshua/.nvm/versions/node/v24.11.0/lib/node_modules/npm/lib/npm.js:208:9)
35 verbose stack     at async module.exports (/home/joshua/.nvm/versions/node/v24.11.0/lib/node_modules/npm/lib/cli/entry.js:67:5)
36 error code EUSAGE
37 error
37 error `npm ci` can only install packages when your package.json and package-lock.json or npm-shrinkwrap.json are in sync. Please update your lock file with `npm install` before continuing.
37 error
37 error Missing: @angular/animations@20.3.11 from lock file
37 error
37 error Clean install a project
37 error
37 error Usage:
37 error npm ci
37 error
37 error Options:
37 error [--install-strategy <hoisted|nested|shallow|linked>] [--legacy-bundling]
37 error [--global-style] [--omit <dev|optional|peer> [--omit <dev|optional|peer> ...]]
37 error [--include <prod|dev|optional|peer> [--include <prod|dev|optional|peer> ...]]
37 error [--strict-peer-deps] [--foreground-scripts] [--ignore-scripts] [--no-audit]
37 error [--no-bin-links] [--no-fund] [--dry-run]
37 error [-w|--workspace <workspace-name> [-w|--workspace <workspace-name> ...]]
37 error [--workspaces] [--include-workspace-root] [--install-links]
37 error
37 error aliases: clean-install, ic, install-clean, isntall-clean
37 error
37 error Run "npm help ci" for more info
38 verbose cwd /mnt/c/Jensify/expense-app
39 verbose os Linux 6.6.87.2-microsoft-standard-WSL2
40 verbose node v24.11.0
41 verbose npm  v11.6.1
42 verbose exit 1
43 verbose code 1
44 error A complete log of this run can be found in: /mnt/c/Jensify/expense-app/.npm-cache/_logs/2025-11-14T00_53_36_501Z-debug-0.log
