Using workdir C:\Jensify
Setting up Edge Functions runtime...
2025-11-18T21:34:14.503852901Z Serving functions on http://127.0.0.1:54321/functions/v1/<function-name>
2025-11-18T21:34:14.503918001Z  - http://127.0.0.1:54321/functions/v1/process-receipt
2025-11-18T21:34:14.503922272Z  - http://127.0.0.1:54321/functions/v1/send-invitation-email
2025-11-18T21:34:14.503925137Z Using supabase-edge-runtime-1.69.23 (compatible with Deno v2.1.4)
2025-11-18T21:34:41.896212547Z Serving functions on http://127.0.0.1:54321/functions/v1/<function-name>
2025-11-18T21:34:41.896276422Z  - http://127.0.0.1:54321/functions/v1/process-receipt
2025-11-18T21:34:41.896287487Z  - http://127.0.0.1:54321/functions/v1/send-invitation-email
2025-11-18T21:34:41.896293718Z Using supabase-edge-runtime-1.69.23 (compatible with Deno v2.1.4)
2025-11-18T21:43:08.371377507Z Serving functions on http://127.0.0.1:54321/functions/v1/<function-name>
2025-11-18T21:43:08.371501324Z  - http://127.0.0.1:54321/functions/v1/process-receipt
2025-11-18T21:43:08.371512599Z  - http://127.0.0.1:54321/functions/v1/send-invitation-email
2025-11-18T21:43:08.371517376Z Using supabase-edge-runtime-1.69.23 (compatible with Deno v2.1.4)
2025-11-18T21:43:53.310554644Z Error: Missing authorization header
2025-11-18T21:43:53.310652105Z     at getAuthToken (file:///var/tmp/sb-compile-edge-runtime/root/index.ts:83:11)
2025-11-18T21:43:53.310664011Z     at Object.handler (file:///var/tmp/sb-compile-edge-runtime/root/index.ts:124:23)
2025-11-18T21:43:53.310669620Z     at mapped (ext:runtime/http.js:231:42)
2025-11-18T21:43:53.310674363Z     at respond (ext:runtime/http.js:340:14)
2025-11-18T21:43:53.310678642Z     at handleHttp (ext:runtime/http.js:160:9)
2025-11-18T21:43:53.310683765Z     at eventLoopTick (ext:core/01_core.js:175:7)
2025-11-18T21:53:31.070800300Z serving the request with supabase/functions/process-receipt
2025-11-18T21:53:31.249896884Z [Info] Listening on http://localhost:9999/
2025-11-18T21:53:31.249967408Z 
2025-11-18T21:56:40.153389527Z wall clock duration warning: isolate: f1eac734-eb22-41de-9cab-509e0c820f72
2025-11-18T21:56:40.160076419Z early termination has been triggered: isolate: f1eac734-eb22-41de-9cab-509e0c820f72
2025-11-19T00:04:44.726881051Z serving the request with supabase/functions/process-receipt
2025-11-19T00:04:45.102136662Z [Info] Listening on http://localhost:9999/
2025-11-19T00:04:45.102207594Z 
2025-11-19T00:07:54.734864602Z wall clock duration warning: isolate: ac2cf8e5-b8f8-4c68-9621-ab80a62dbd3a
2025-11-19T00:07:54.742986842Z early termination has been triggered: isolate: ac2cf8e5-b8f8-4c68-9621-ab80a62dbd3a
2025-11-19T00:55:31.163796506Z serving the request with supabase/functions/process-receipt
2025-11-19T00:55:31.629482649Z [Info] Listening on http://localhost:9999/
2025-11-19T00:55:31.629571560Z 
2025-11-19T00:58:39.138455232Z wall clock duration warning: isolate: 540d6f48-f2f4-46a6-8564-fb0b0ca41135
2025-11-19T00:58:39.150152494Z early termination has been triggered: isolate: 540d6f48-f2f4-46a6-8564-fb0b0ca41135
2025-11-19T01:38:47.093740693Z serving the request with supabase/functions/process-receipt
2025-11-19T01:38:47.509009385Z [Info] Listening on http://localhost:9999/
2025-11-19T01:38:47.509068752Z 
2025-11-19T01:41:54.591187177Z wall clock duration warning: isolate: 1676a6c5-3ce4-4173-a7be-21401699ac39
2025-11-19T01:41:54.601813640Z early termination has been triggered: isolate: 1676a6c5-3ce4-4173-a7be-21401699ac39
2025-11-19T01:53:46.039064124Z serving the request with supabase/functions/process-receipt
2025-11-19T01:53:46.184822404Z [Info] Listening on http://localhost:9999/
2025-11-19T01:53:46.185064991Z 
2025-11-19T01:56:12.134639468Z serving the request with supabase/functions/process-receipt
2025-11-19T01:56:23.786567389Z serving the request with supabase/functions/process-receipt
2025-11-19T01:56:53.131487435Z wall clock duration warning: isolate: 53966e9a-2be5-4007-991b-b65ac8de970c
2025-11-19T01:56:53.145296555Z early termination has been triggered: isolate: 53966e9a-2be5-4007-991b-b65ac8de970c
2025-11-19T02:04:22.181971281Z serving the request with supabase/functions/process-receipt
2025-11-19T02:04:22.276586799Z [Info] Listening on http://localhost:9999/
2025-11-19T02:04:22.276634173Z 
2025-11-19T02:06:44.249899767Z serving the request with supabase/functions/process-receipt
2025-11-19T02:07:29.208029377Z wall clock duration warning: isolate: ebceaa27-e1f1-4dae-8e29-4b22d71c46bb
2025-11-19T02:07:29.222474579Z early termination has been triggered: isolate: ebceaa27-e1f1-4dae-8e29-4b22d71c46bb
2025-11-19T02:09:22.900575261Z serving the request with supabase/functions/process-receipt
2025-11-19T02:09:23.027821406Z [Info] Listening on http://localhost:9999/
2025-11-19T02:09:23.027886353Z 
2025-11-19T02:10:20.836833600Z serving the request with supabase/functions/process-receipt
2025-11-19T02:12:31.818568032Z wall clock duration warning: isolate: 2efbe038-7f00-4576-950f-b860f54e764a
2025-11-19T02:12:31.833719404Z early termination has been triggered: isolate: 2efbe038-7f00-4576-950f-b860f54e764a
2025-11-19T02:21:35.823692819Z serving the request with supabase/functions/process-receipt
2025-11-19T02:21:36.031162793Z [Info] Listening on http://localhost:9999/
2025-11-19T02:21:36.031199271Z 
2025-11-19T02:24:44.694499583Z wall clock duration warning: isolate: 5939018c-40ef-4c41-9b81-a5edf001788d
2025-11-19T02:24:44.705124876Z early termination has been triggered: isolate: 5939018c-40ef-4c41-9b81-a5edf001788d
2025-11-19T02:24:47.211072921Z serving the request with supabase/functions/process-receipt
2025-11-19T02:24:46.493169081Z [Info] Listening on http://localhost:9999/
2025-11-19T02:24:46.493234221Z 
2025-11-19T02:27:54.107443282Z wall clock duration warning: isolate: a93c1c00-8708-42a3-a5d8-ebb4b1a30e63
2025-11-19T02:27:54.114594484Z early termination has been triggered: isolate: a93c1c00-8708-42a3-a5d8-ebb4b1a30e63
2025-11-19T02:32:08.390826151Z serving the request with supabase/functions/process-receipt
2025-11-19T02:32:08.530595963Z [Info] Listening on http://localhost:9999/
2025-11-19T02:32:08.530669555Z 
2025-11-19T02:35:15.290872833Z wall clock duration warning: isolate: f35d491d-715c-4435-b64e-8a067a92e737
2025-11-19T02:35:15.302868223Z early termination has been triggered: isolate: f35d491d-715c-4435-b64e-8a067a92e737
2025-11-19T02:43:13.216169974Z serving the request with supabase/functions/process-receipt
2025-11-19T02:43:13.423264275Z [Info] Listening on http://localhost:9999/
2025-11-19T02:43:13.423321306Z 
2025-11-19T02:46:20.144150319Z wall clock duration warning: isolate: 7bc7d123-62bf-41f8-9301-2d75f47d1d3c
2025-11-19T02:46:20.152328362Z early termination has been triggered: isolate: 7bc7d123-62bf-41f8-9301-2d75f47d1d3c
